20260330 10:15:52.879384 UTC 412 INFO  [AttackGenerator] Started 4 workers at ~400 events/sec - attack_generator.hpp:54
20260330 10:15:52.879392 UTC 412 INFO  [Main] Attack generator running - main.cpp:62
20260330 10:15:56.521278 UTC 422 INFO  [WS] Client connected: 127.0.0.1:33316  total=1 - websocket_server.hpp:18
20260330 10:17:11.159240 UTC 422 INFO  [WS] Client disconnected. total=0 - websocket_server.hpp:27
20260330 10:17:11.159281 UTC 422 FATAL no writing but write callback called - TcpConnectionImpl.cc:327
20260330 10:17:11.159336 UTC 422 WARN  Connection is not connected,give up sending - TcpConnectionImpl.cc:453
20260330 10:17:25.699979 UTC 419 INFO  [WS] Client connected: 127.0.0.1:48256  total=1 - websocket_server.hpp:18
20260330 10:17:29.120097 UTC 419 INFO  [WS] Client disconnected. total=0 - websocket_server.hpp:27
20260330 10:19:56.721379 UTC 419 INFO  [AttackGenerator] Started 4 workers at ~400 events/sec - attack_generator.hpp:54
20260330 10:19:56.721401 UTC 419 INFO  [Main] Attack generator running - main.cpp:62
20260330 10:28:31.897820 UTC 429 INFO  [WS] Client connected: 127.0.0.1:39412  total=1 - websocket_server.hpp:18
20260330 10:28:46.083366 UTC 429 INFO  [WS] Client disconnected. total=0 - websocket_server.hpp:27
20260330 10:31:40.476709 UTC 421 INFO  [AttackGenerator] Started 4 workers at ~400 events/sec - attack_generator.hpp:54
20260330 10:31:40.476725 UTC 421 INFO  [Main] Attack generator running - main.cpp:62
20260330 10:31:44.926182 UTC 428 INFO  [WS] Client connected: 127.0.0.1:59644  total=1 - websocket_server.hpp:18
20260330 10:32:04.180742 UTC 428 INFO  [WS] Client disconnected. total=0 - websocket_server.hpp:27
20260409 03:56:40.574719 UTC 423 INFO  [AttackGenerator] Started 4 workers at ~400 events/sec - attack_generator.hpp:54
20260409 03:56:40.574756 UTC 423 INFO  [Main] Attack generator running - main.cpp:62
20260409 03:56:46.102230 UTC 429 INFO  [WS] Client connected: 127.0.0.1:43190  total=1 - websocket_server.hpp:18
20260409 03:56:59.511860 UTC 429 INFO  [WS] Client disconnected. total=0 - websocket_server.hpp:27
20260416 14:34:40.108145 UTC 512 INFO  [AttackGenerator] Started 4 workers at ~400 events/sec - attack_generator.hpp:54
20260416 14:34:40.108165 UTC 512 INFO  [Main] Attack generator running - main.cpp:62
20260416 14:35:25.222914 UTC 517 INFO  [WS] Client connected: 127.0.0.1:52752  total=1 - websocket_server.hpp:18
20260416 14:35:29.766135 UTC 517 INFO  [WS] Client disconnected. total=0 - websocket_server.hpp:27
20260416 14:35:30.399413 UTC 522 INFO  [WS] Client connected: 127.0.0.1:52760  total=1 - websocket_server.hpp:18
20260416 14:35:46.854210 UTC 522 WARN  Connection is not connected,give up sending - TcpConnectionImpl.cc:453
20260416 14:35:46.854234 UTC 522 WARN  Connection is not connected,give up sending - TcpConnectionImpl.cc:453
20260416 14:35:46.854302 UTC 522 INFO  [WS] Client disconnected. total=0 - websocket_server.hpp:27
20260416 14:37:56.500086 UTC 417 INFO  [AttackGenerator] Started 4 workers at ~400 events/sec - attack_generator.hpp:54
20260416 14:37:56.500109 UTC 417 INFO  [Main] Attack generator running - main.cpp:62
20260416 14:39:16.016907 UTC 424 INFO  [WS] Client connected: 127.0.0.1:47492  total=1 - websocket_server.hpp:18
20260416 14:39:39.722584 UTC 424 INFO  [WS] Client disconnected. total=0 - websocket_server.hpp:27
20260416 14:43:20.580898 UTC 424 INFO  [WS] Client connected: 127.0.0.1:32812  total=1 - websocket_server.hpp:18
20260416 14:57:14.485722 UTC 424 INFO  [WS] Client disconnected. total=0 - websocket_server.hpp:27
20260416 14:57:14.549110 UTC 424 FATAL no writing but write callback called - TcpConnectionImpl.cc:327
20260416 14:57:14.567918 UTC 424 WARN  Connection is not connected,give up sending - TcpConnectionImpl.cc:453
20260416 14:57:14.567930 UTC 424 WARN  Connection is not connected,give up sending - TcpConnectionImpl.cc:453
20260416 14:57:14.567933 UTC 424 WARN  Connection is not connected,give up sending - TcpConnectionImpl.cc:453
20260416 14:57:14.567934 UTC 424 WARN  Connection is not connected,give up sending - TcpConnectionImpl.cc:453
20260416 14:57:14.567936 UTC 424 WARN  Connection is not connected,give up sending - TcpConnectionImpl.cc:453
20260416 14:57:14.567937 UTC 424 WARN  Connection is not connected,give up sending - TcpConnectionImpl.cc:453
20260416 14:57:14.567939 UTC 424 WARN  Connection is not connected,give up sending - TcpConnectionImpl.cc:453
20260416 14:57:14.567941 UTC 424 WARN  Connection is not connected,give up sending - TcpConnectionImpl.cc:453
20260416 14:57:14.567942 UTC 424 WARN  Connection is not connected,give up sending - TcpConnectionImpl.cc:453
20260416 14:57:14.567947 UTC 424 WARN  Connection is not connected,give up sending - TcpConnectionImpl.cc:453
20260416 14:57:14.567948 UTC 424 WARN  Connection is not connected,give up sending - TcpConnectionImpl.cc:453
20260416 14:57:14.567950 UTC 424 WARN  Connection is not connected,give up sending - TcpConnectionImpl.cc:453
20260416 14:57:14.567952 UTC 424 WARN  Connection is not connected,give up sending - TcpConnectionImpl.cc:453
20260416 14:57:14.567953 UTC 424 WARN  Connection is not connected,give up sending - TcpConnectionImpl.cc:453
20260416 14:57:14.567955 UTC 424 WARN  Connection is not connected,give up sending - TcpConnectionImpl.cc:453
20260416 14:57:14.567956 UTC 424 WARN  Connection is not connected,give up sending - TcpConnectionImpl.cc:453
20260416 14:57:14.567958 UTC 424 WARN  Connection is not connected,give up sending - TcpConnectionImpl.cc:453
20260416 14:57:14.567960 UTC 424 WARN  Connection is not connected,give up sending - TcpConnectionImpl.cc:453
20260416 14:57:14.567962 UTC 424 WARN  Connection is not connected,give up sending - TcpConnectionImpl.cc:453
20260416 14:57:14.567963 UTC 424 WARN  Connection is not connected,give up sending - TcpConnectionImpl.cc:453
20260416 14:57:14.567964 UTC 424 WARN  Connection is not connected,give up sending - TcpConnectionImpl.cc:453
20260416 14:57:14.567966 UTC 424 WARN  Connection is not connected,give up sending - TcpConnectionImpl.cc:453
20260416 14:57:14.567967 UTC 424 WARN  Connection is not connected,give up sending - TcpConnectionImpl.cc:453
20260416 14:57:14.567969 UTC 424 WARN  Connection is not connected,give up sending - TcpConnectionImpl.cc:453
20260416 14:57:14.567971 UTC 424 WARN  Connection is not connected,give up sending - TcpConnectionImpl.cc:453
20260416 14:57:14.567972 UTC 424 WARN  Connection is not connected,give up sending - TcpConnectionImpl.cc:453
20260416 14:57:14.567973 UTC 424 WARN  Connection is not connected,give up sending - TcpConnectionImpl.cc:453
20260416 14:57:14.567975 UTC 424 WARN  Connection is not connected,give up sending - TcpConnectionImpl.cc:453
20260416 14:57:14.567976 UTC 424 WARN  Connection is not connected,give up sending - TcpConnectionImpl.cc:453
20260416 14:57:14.567977 UTC 424 WARN  Connection is not connected,give up sending - TcpConnectionImpl.cc:453
20260416 14:57:14.567979 UTC 424 WARN  Connection is not connected,give up sending - TcpConnectionImpl.cc:453
20260416 14:57:14.567980 UTC 424 WARN  Connection is not connected,give up sending - TcpConnectionImpl.cc:453
20260416 14:57:14.567981 UTC 424 WARN  Connection is not connected,give up sending - TcpConnectionImpl.cc:453
20260416 14:57:14.567983 UTC 424 WARN  Connection is not connected,give up sending - TcpConnectionImpl.cc:453
20260416 14:57:14.567984 UTC 424 WARN  Connection is not connected,give up sending - TcpConnectionImpl.cc:453
20260416 14:57:14.567986 UTC 424 WARN  Connection is not connected,give up sending - TcpConnectionImpl.cc:453
20260416 14:57:14.567987 UTC 424 WARN  Connection is not connected,give up sending - TcpConnectionImpl.cc:453
20260416 14:57:14.567989 UTC 424 WARN  Connection is not connected,give up sending - TcpConnectionImpl.cc:453
20260416 14:57:14.568117 UTC 424 WARN  Connection is not connected,give up sending - TcpConnectionImpl.cc:453
20260416 14:57:14.568119 UTC 424 WARN  Connection is not connected,give up sending - TcpConnectionImpl.cc:453
20260416 14:57:14.568120 UTC 424 WARN  Connection is not connected,give up sending - TcpConnectionImpl.cc:453
20260416 14:57:14.568122 UTC 424 WARN  Connection is not connected,give up sending - TcpConnectionImpl.cc:453
20260416 14:57:14.568123 UTC 424 WARN  Connection is not connected,give up sending - TcpConnectionImpl.cc:453
20260416 14:57:14.568124 UTC 424 WARN  Connection is not connected,give up sending - TcpConnectionImpl.cc:453
20260416 14:57:14.568125 UTC 424 WARN  Connection is not connected,give up sending - TcpConnectionImpl.cc:453
20260416 14:57:14.568127 UTC 424 WARN  Connection is not connected,give up sending - TcpConnectionImpl.cc:453
20260416 14:57:14.568129 UTC 424 WARN  Connection is not connected,give up sending - TcpConnectionImpl.cc:453
20260416 14:57:14.568130 UTC 424 WARN  Connection is not connected,give up sending - TcpConnectionImpl.cc:453
20260416 14:57:14.568131 UTC 424 WARN  Connection is not connected,give up sending - TcpConnectionImpl.cc:453
20260416 14:57:14.568133 UTC 424 WARN  Connection is not connected,give up sending - TcpConnectionImpl.cc:453
20260416 14:57:14.568134 UTC 424 WARN  Connection is not connected,give up sending - TcpConnectionImpl.cc:453
20260416 14:57:14.568135 UTC 424 WARN  Connection is not connected,give up sending - TcpConnectionImpl.cc:453
20260416 14:57:14.568136 UTC 424 WARN  Connection is not connected,give up sending - TcpConnectionImpl.cc:453
20260416 14:57:14.568138 UTC 424 WARN  Connection is not connected,give up sending - TcpConnectionImpl.cc:453
20260416 14:57:14.568139 UTC 424 WARN  Connection is not connected,give up sending - TcpConnectionImpl.cc:453
20260416 14:57:14.568140 UTC 424 WARN  Connection is not connected,give up sending - TcpConnectionImpl.cc:453
20260416 14:57:14.568142 UTC 424 WARN  Connection is not connected,give up sending - TcpConnectionImpl.cc:453
20260416 14:57:14.568143 UTC 424 WARN  Connection is not connected,give up sending - TcpConnectionImpl.cc:453
20260416 14:57:14.568144 UTC 424 WARN  Connection is not connected,give up sending - TcpConnectionImpl.cc:453
20260416 14:57:14.568146 UTC 424 WARN  Connection is not connected,give up sending - TcpConnectionImpl.cc:453
20260416 14:57:14.568147 UTC 424 WARN  Connection is not connected,give up sending - TcpConnectionImpl.cc:453
20260416 14:57:14.568149 UTC 424 WARN  Connection is not connected,give up sending - TcpConnectionImpl.cc:453
20260416 14:57:14.568150 UTC 424 WARN  Connection is not connected,give up sending - TcpConnectionImpl.cc:453
20260416 14:57:14.568151 UTC 424 WARN  Connection is not connected,give up sending - TcpConnectionImpl.cc:453
20260416 14:57:14.568153 UTC 424 WARN  Connection is not connected,give up sending - TcpConnectionImpl.cc:453
20260416 14:57:14.568155 UTC 424 WARN  Connection is not connected,give up sending - TcpConnectionImpl.cc:453
20260416 14:57:14.568156 UTC 424 WARN  Connection is not connected,give up sending - TcpConnectionImpl.cc:453
20260416 14:57:14.568158 UTC 424 WARN  Connection is not connected,give up sending - TcpConnectionImpl.cc:453
20260416 14:57:14.568159 UTC 424 WARN  Connection is not connected,give up sending - TcpConnectionImpl.cc:453
20260416 14:57:14.568160 UTC 424 WARN  Connection is not connected,give up sending - TcpConnectionImpl.cc:453
20260416 14:57:14.568161 UTC 424 WARN  Connection is not connected,give up sending - TcpConnectionImpl.cc:453
20260416 14:57:14.568163 UTC 424 WARN  Connection is not connected,give up sending - TcpConnectionImpl.cc:453
20260416 14:57:14.568164 UTC 424 WARN  Connection is not connected,give up sending - TcpConnectionImpl.cc:453
20260416 14:57:14.568166 UTC 424 WARN  Connection is not connected,give up sending - TcpConnectionImpl.cc:453
20260416 14:57:14.568167 UTC 424 WARN  Connection is not connected,give up sending - TcpConnectionImpl.cc:453
20260416 14:57:14.568173 UTC 424 WARN  Connection is not connected,give up sending - TcpConnectionImpl.cc:453
20260416 14:57:14.568174 UTC 424 WARN  Connection is not connected,give up sending - TcpConnectionImpl.cc:453
20260416 14:57:14.568176 UTC 424 WARN  Connection is not connected,give up sending - TcpConnectionImpl.cc:453
20260416 14:57:14.568177 UTC 424 WARN  Connection is not connected,give up sending - TcpConnectionImpl.cc:453
20260416 14:57:14.568179 UTC 424 WARN  Connection is not connected,give up sending - TcpConnectionImpl.cc:453
20260416 14:57:14.568180 UTC 424 WARN  Connection is not connected,give up sending - TcpConnectionImpl.cc:453
20260416 14:57:14.568181 UTC 424 WARN  Connection is not connected,give up sending - TcpConnectionImpl.cc:453
20260416 14:57:14.568182 UTC 424 WARN  Connection is not connected,give up sending - TcpConnectionImpl.cc:453
20260416 14:57:14.568184 UTC 424 WARN  Connection is not connected,give up sending - TcpConnectionImpl.cc:453
20260416 14:57:14.568185 UTC 424 WARN  Connection is not connected,give up sending - TcpConnectionImpl.cc:453
20260416 14:57:14.568187 UTC 424 WARN  Connection is not connected,give up sending - TcpConnectionImpl.cc:453
20260416 14:57:14.568188 UTC 424 WARN  Connection is not connected,give up sending - TcpConnectionImpl.cc:453
20260416 14:57:14.568189 UTC 424 WARN  Connection is not connected,give up sending - TcpConnectionImpl.cc:453
20260416 14:57:14.568190 UTC 424 WARN  Connection is not connected,give up sending - TcpConnectionImpl.cc:453
20260416 14:57:14.568192 UTC 424 WARN  Connection is not connected,give up sending - TcpConnectionImpl.cc:453
20260416 14:57:14.568193 UTC 424 WARN  Connection is not connected,give up sending - TcpConnectionImpl.cc:453
20260416 14:57:14.568194 UTC 424 WARN  Connection is not connected,give up sending - TcpConnectionImpl.cc:453
20260416 14:57:14.568195 UTC 424 WARN  Connection is not connected,give up sending - TcpConnectionImpl.cc:453
20260416 14:57:14.568196 UTC 424 WARN  Connection is not connected,give up sending - TcpConnectionImpl.cc:453
20260416 14:57:14.568198 UTC 424 WARN  Connection is not connected,give up sending - TcpConnectionImpl.cc:453
20260416 14:57:14.568199 UTC 424 WARN  Connection is not connected,give up sending - TcpConnectionImpl.cc:453
20260416 14:57:14.568200 UTC 424 WARN  Connection is not connected,give up sending - TcpConnectionImpl.cc:453
20260416 14:57:14.568202 UTC 424 WARN  Connection is not connected,give up sending - TcpConnectionImpl.cc:453
20260416 14:57:14.568203 UTC 424 WARN  Connection is not connected,give up sending - TcpConnectionImpl.cc:453
20260416 14:57:14.568205 UTC 424 WARN  Connection is not connected,give up sending - TcpConnectionImpl.cc:453
20260416 14:57:14.568206 UTC 424 WARN  Connection is not connected,give up sending - TcpConnectionImpl.cc:453
20260416 14:57:14.568207 UTC 424 WARN  Connection is not connected,give up sending - TcpConnectionImpl.cc:453
20260416 14:57:14.568208 UTC 424 WARN  Connection is not connected,give up sending - TcpConnectionImpl.cc:453
20260416 14:57:14.568210 UTC 424 WARN  Connection is not connected,give up sending - TcpConnectionImpl.cc:453
20260416 14:57:14.568211 UTC 424 WARN  Connection is not connected,give up sending - TcpConnectionImpl.cc:453
20260416 14:57:14.568212 UTC 424 WARN  Connection is not connected,give up sending - TcpConnectionImpl.cc:453
20260416 14:57:14.568214 UTC 424 WARN  Connection is not connected,give up sending - TcpConnectionImpl.cc:453
20260416 14:57:14.568215 UTC 424 WARN  Connection is not connected,give up sending - TcpConnectionImpl.cc:453
20260416 14:57:14.568216 UTC 424 WARN  Connection is not connected,give up sending - TcpConnectionImpl.cc:453
20260416 14:57:14.568218 UTC 424 WARN  Connection is not connected,give up sending - TcpConnectionImpl.cc:453
20260416 14:57:14.568219 UTC 424 WARN  Connection is not connected,give up sending - TcpConnectionImpl.cc:453
20260416 14:57:14.568220 UTC 424 WARN  Connection is not connected,give up sending - TcpConnectionImpl.cc:453
20260416 14:57:14.568225 UTC 424 WARN  Connection is not connected,give up sending - TcpConnectionImpl.cc:453
20260416 14:57:14.568226 UTC 424 WARN  Connection is not connected,give up sending - TcpConnectionImpl.cc:453
20260416 14:57:14.568228 UTC 424 WARN  Connection is not connected,give up sending - TcpConnectionImpl.cc:453
20260416 14:57:14.568229 UTC 424 WARN  Connection is not connected,give up sending - TcpConnectionImpl.cc:453
20260416 14:57:14.568230 UTC 424 WARN  Connection is not connected,give up sending - TcpConnectionImpl.cc:453
20260416 14:57:14.568232 UTC 424 WARN  Connection is not connected,give up sending - TcpConnectionImpl.cc:453
20260416 14:57:14.568233 UTC 424 WARN  Connection is not connected,give up sending - TcpConnectionImpl.cc:453
20260416 14:57:14.568234 UTC 424 WARN  Connection is not connected,give up sending - TcpConnectionImpl.cc:453
20260416 14:57:14.568236 UTC 424 WARN  Connection is not connected,give up sending - TcpConnectionImpl.cc:453
20260416 14:57:14.568237 UTC 424 WARN  Connection is not connected,give up sending - TcpConnectionImpl.cc:453
20260416 14:57:14.568239 UTC 424 WARN  Connection is not connected,give up sending - TcpConnectionImpl.cc:453
20260416 14:57:14.568240 UTC 424 WARN  Connection is not connected,give up sending - TcpConnectionImpl.cc:453
20260416 14:57:14.568241 UTC 424 WARN  Connection is not connected,give up sending - TcpConnectionImpl.cc:453
20260416 14:57:14.568242 UTC 424 WARN  Connection is not connected,give up sending - TcpConnectionImpl.cc:453
20260416 14:57:14.568243 UTC 424 WARN  Connection is not connected,give up sending - TcpConnectionImpl.cc:453
20260416 14:57:14.568244 UTC 424 WARN  Connection is not connected,give up sending - TcpConnectionImpl.cc:453
20260416 14:57:14.568245 UTC 424 WARN  Connection is not connected,give up sending - TcpConnectionImpl.cc:453
20260416 14:57:14.568246 UTC 424 WARN  Connection is not connected,give up sending - TcpConnectionImpl.cc:453
20260416 14:57:14.568247 UTC 424 WARN  Connection is not connected,give up sending - TcpConnectionImpl.cc:453
20260416 14:57:14.568249 UTC 424 WARN  Connection is not connected,give up sending - TcpConnectionImpl.cc:453
20260416 14:57:14.568250 UTC 424 WARN  Connection is not connected,give up sending - TcpConnectionImpl.cc:453
20260416 14:57:14.568252 UTC 424 WARN  Connection is not connected,give up sending - TcpConnectionImpl.cc:453
20260416 14:57:14.568253 UTC 424 WARN  Connection is not connected,give up sending - TcpConnectionImpl.cc:453
20260416 14:57:14.568254 UTC 424 WARN  Connection is not connected,give up sending - TcpConnectionImpl.cc:453
20260416 14:57:14.568256 UTC 424 WARN  Connection is not connected,give up sending - TcpConnectionImpl.cc:453
20260416 14:57:14.568257 UTC 424 WARN  Connection is not connected,give up sending - TcpConnectionImpl.cc:453
20260416 14:57:14.568258 UTC 424 WARN  Connection is not connected,give up sending - TcpConnectionImpl.cc:453
20260416 14:57:14.568260 UTC 424 WARN  Connection is not connected,give up sending - TcpConnectionImpl.cc:453
20260416 14:57:14.568261 UTC 424 WARN  Connection is not connected,give up sending - TcpConnectionImpl.cc:453
20260416 14:57:14.568262 UTC 424 WARN  Connection is not connected,give up sending - TcpConnectionImpl.cc:453
20260416 14:57:14.568263 UTC 424 WARN  Connection is not connected,give up sending - TcpConnectionImpl.cc:453
20260416 14:57:14.568264 UTC 424 WARN  Connection is not connected,give up sending - TcpConnectionImpl.cc:453
20260416 14:57:14.568265 UTC 424 WARN  Connection is not connected,give up sending - TcpConnectionImpl.cc:453
20260416 14:57:14.568267 UTC 424 WARN  Connection is not connected,give up sending - TcpConnectionImpl.cc:453
20260416 14:57:14.568268 UTC 424 WARN  Connection is not connected,give up sending - TcpConnectionImpl.cc:453
20260416 14:57:14.568269 UTC 424 WARN  Connection is not connected,give up sending - TcpConnectionImpl.cc:453
20260416 14:57:14.568270 UTC 424 WARN  Connection is not connected,give up sending - TcpConnectionImpl.cc:453
20260416 14:57:14.568275 UTC 424 WARN  Connection is not connected,give up sending - TcpConnectionImpl.cc:453
20260416 14:57:14.568277 UTC 424 WARN  Connection is not connected,give up sending - TcpConnectionImpl.cc:453
20260416 14:57:14.568278 UTC 424 WARN  Connection is not connected,give up sending - TcpConnectionImpl.cc:453
20260416 14:57:14.568279 UTC 424 WARN  Connection is not connected,give up sending - TcpConnectionImpl.cc:453
20260416 14:57:14.568280 UTC 424 WARN  Connection is not connected,give up sending - TcpConnectionImpl.cc:453
20260416 14:57:14.568281 UTC 424 WARN  Connection is not connected,give up sending - TcpConnectionImpl.cc:453
20260416 14:57:14.568283 UTC 424 WARN  Connection is not connected,give up sending - TcpConnectionImpl.cc:453
20260416 14:57:14.568285 UTC 424 WARN  Connection is not connected,give up sending - TcpConnectionImpl.cc:453
20260416 14:57:14.568286 UTC 424 WARN  Connection is not connected,give up sending - TcpConnectionImpl.cc:453
20260416 14:57:14.568287 UTC 424 WARN  Connection is not connected,give up sending - TcpConnectionImpl.cc:453
20260416 14:57:14.568289 UTC 424 WARN  Connection is not connected,give up sending - TcpConnectionImpl.cc:453
20260416 14:57:14.568290 UTC 424 WARN  Connection is not connected,give up sending - TcpConnectionImpl.cc:453
20260416 14:57:14.568291 UTC 424 WARN  Connection is not connected,give up sending - TcpConnectionImpl.cc:453
20260416 14:57:14.568292 UTC 424 WARN  Connection is not connected,give up sending - TcpConnectionImpl.cc:453
20260416 14:57:14.568293 UTC 424 WARN  Connection is not connected,give up sending - TcpConnectionImpl.cc:453
20260416 14:57:14.568295 UTC 424 WARN  Connection is not connected,give up sending - TcpConnectionImpl.cc:453
20260416 14:57:14.568296 UTC 424 WARN  Connection is not connected,give up sending - TcpConnectionImpl.cc:453
20260416 14:57:14.568297 UTC 424 WARN  Connection is not connected,give up sending - TcpConnectionImpl.cc:453
20260416 14:57:14.568299 UTC 424 WARN  Connection is not connected,give up sending - TcpConnectionImpl.cc:453
20260416 14:57:14.568300 UTC 424 WARN  Connection is not connected,give up sending - TcpConnectionImpl.cc:453
20260416 14:57:14.568301 UTC 424 WARN  Connection is not connected,give up sending - TcpConnectionImpl.cc:453
20260416 14:57:14.568302 UTC 424 WARN  Connection is not connected,give up sending - TcpConnectionImpl.cc:453
20260416 14:57:14.568304 UTC 424 WARN  Connection is not connected,give up sending - TcpConnectionImpl.cc:453
20260416 14:57:14.568305 UTC 424 WARN  Connection is not connected,give up sending - TcpConnectionImpl.cc:453
20260416 14:57:14.568306 UTC 424 WARN  Connection is not connected,give up sending - TcpConnectionImpl.cc:453
20260416 14:57:14.568307 UTC 424 WARN  Connection is not connected,give up sending - TcpConnectionImpl.cc:453
20260416 14:57:14.568309 UTC 424 WARN  Connection is not connected,give up sending - TcpConnectionImpl.cc:453
20260416 14:57:14.568310 UTC 424 WARN  Connection is not connected,give up sending - TcpConnectionImpl.cc:453
20260416 14:57:14.568311 UTC 424 WARN  Connection is not connected,give up sending - TcpConnectionImpl.cc:453
20260416 14:57:14.568312 UTC 424 WARN  Connection is not connected,give up sending - TcpConnectionImpl.cc:453
20260416 14:57:14.568313 UTC 424 WARN  Connection is not connected,give up sending - TcpConnectionImpl.cc:453
20260416 14:57:14.568315 UTC 424 WARN  Connection is not connected,give up sending - TcpConnectionImpl.cc:453
20260416 14:57:14.568316 UTC 424 WARN  Connection is not connected,give up sending - TcpConnectionImpl.cc:453
20260416 14:57:14.568317 UTC 424 WARN  Connection is not connected,give up sending - TcpConnectionImpl.cc:453
20260416 14:57:14.568318 UTC 424 WARN  Connection is not connected,give up sending - TcpConnectionImpl.cc:453
20260416 14:57:14.568320 UTC 424 WARN  Connection is not connected,give up sending - TcpConnectionImpl.cc:453
20260416 14:57:14.568321 UTC 424 WARN  Connection is not connected,give up sending - TcpConnectionImpl.cc:453
20260416 14:57:14.568322 UTC 424 WARN  Connection is not connected,give up sending - TcpConnectionImpl.cc:453
20260416 14:57:14.568328 UTC 424 WARN  Connection is not connected,give up sending - TcpConnectionImpl.cc:453
20260416 14:57:14.568329 UTC 424 WARN  Connection is not connected,give up sending - TcpConnectionImpl.cc:453
20260416 14:57:14.568330 UTC 424 WARN  Connection is not connected,give up sending - TcpConnectionImpl.cc:453
20260416 14:57:14.568331 UTC 424 WARN  Connection is not connected,give up sending - TcpConnectionImpl.cc:453
20260416 14:57:14.568332 UTC 424 WARN  Connection is not connected,give up sending - TcpConnectionImpl.cc:453
20260416 14:57:14.568334 UTC 424 WARN  Connection is not connected,give up sending - TcpConnectionImpl.cc:453
20260416 14:57:14.568335 UTC 424 WARN  Connection is not connected,give up sending - TcpConnectionImpl.cc:453
20260416 14:57:14.568336 UTC 424 WARN  Connection is not connected,give up sending - TcpConnectionImpl.cc:453
20260416 14:57:14.568338 UTC 424 WARN  Connection is not connected,give up sending - TcpConnectionImpl.cc:453
20260416 14:57:14.568338 UTC 424 WARN  Connection is not connected,give up sending - TcpConnectionImpl.cc:453
20260416 14:57:14.568340 UTC 424 WARN  Connection is not connected,give up sending - TcpConnectionImpl.cc:453
20260416 14:57:14.568341 UTC 424 WARN  Connection is not connected,give up sending - TcpConnectionImpl.cc:453
20260416 14:57:14.568342 UTC 424 WARN  Connection is not connected,give up sending - TcpConnectionImpl.cc:453
20260416 14:57:14.568343 UTC 424 WARN  Connection is not connected,give up sending - TcpConnectionImpl.cc:453
20260416 14:57:14.568344 UTC 424 WARN  Connection is not connected,give up sending - TcpConnectionImpl.cc:453
20260416 14:57:14.568345 UTC 424 WARN  Connection is not connected,give up sending - TcpConnectionImpl.cc:453
20260416 14:57:14.568347 UTC 424 WARN  Connection is not connected,give up sending - TcpConnectionImpl.cc:453
20260416 14:57:14.568348 UTC 424 WARN  Connection is not connected,give up sending - TcpConnectionImpl.cc:453
20260416 14:57:14.568349 UTC 424 WARN  Connection is not connected,give up sending - TcpConnectionImpl.cc:453
20260416 14:57:14.568351 UTC 424 WARN  Connection is not connected,give up sending - TcpConnectionImpl.cc:453
20260416 14:57:14.568352 UTC 424 WARN  Connection is not connected,give up sending - TcpConnectionImpl.cc:453
20260416 14:57:14.568353 UTC 424 WARN  Connection is not connected,give up sending - TcpConnectionImpl.cc:453
20260416 14:57:14.568354 UTC 424 WARN  Connection is not connected,give up sending - TcpConnectionImpl.cc:453
20260416 14:57:14.568355 UTC 424 WARN  Connection is not connected,give up sending - TcpConnectionImpl.cc:453
20260416 14:57:14.568357 UTC 424 WARN  Connection is not connected,give up sending - TcpConnectionImpl.cc:453
20260416 14:57:14.568358 UTC 424 WARN  Connection is not connected,give up sending - TcpConnectionImpl.cc:453
20260416 14:57:14.568359 UTC 424 WARN  Connection is not connected,give up sending - TcpConnectionImpl.cc:453
20260416 14:57:14.568360 UTC 424 WARN  Connection is not connected,give up sending - TcpConnectionImpl.cc:453
20260416 14:57:14.568361 UTC 424 WARN  Connection is not connected,give up sending - TcpConnectionImpl.cc:453
20260416 14:57:14.568363 UTC 424 WARN  Connection is not connected,give up sending - TcpConnectionImpl.cc:453
20260416 14:57:14.568364 UTC 424 WARN  Connection is not connected,give up sending - TcpConnectionImpl.cc:453
20260416 14:57:14.568365 UTC 424 WARN  Connection is not connected,give up sending - TcpConnectionImpl.cc:453
20260416 14:57:14.568366 UTC 424 WARN  Connection is not connected,give up sending - TcpConnectionImpl.cc:453
20260416 14:57:14.568367 UTC 424 WARN  Connection is not connected,give up sending - TcpConnectionImpl.cc:453
20260416 14:57:14.568369 UTC 424 WARN  Connection is not connected,give up sending - TcpConnectionImpl.cc:453
20260416 14:57:14.568370 UTC 424 WARN  Connection is not connected,give up sending - TcpConnectionImpl.cc:453
20260416 14:57:14.568372 UTC 424 WARN  Connection is not connected,give up sending - TcpConnectionImpl.cc:453
20260416 14:57:14.568376 UTC 424 WARN  Connection is not connected,give up sending - TcpConnectionImpl.cc:453
20260416 14:57:14.568377 UTC 424 WARN  Connection is not connected,give up sending - TcpConnectionImpl.cc:453
20260416 14:57:14.568378 UTC 424 WARN  Connection is not connected,give up sending - TcpConnectionImpl.cc:453
20260416 14:57:14.568380 UTC 424 WARN  Connection is not connected,give up sending - TcpConnectionImpl.cc:453
20260416 14:57:14.568381 UTC 424 WARN  Connection is not connected,give up sending - TcpConnectionImpl.cc:453
20260416 14:57:14.568382 UTC 424 WARN  Connection is not connected,give up sending - TcpConnectionImpl.cc:453
20260416 14:57:14.568383 UTC 424 WARN  Connection is not connected,give up sending - TcpConnectionImpl.cc:453
20260416 14:57:14.568385 UTC 424 WARN  Connection is not connected,give up sending - TcpConnectionImpl.cc:453
20260416 14:57:14.568386 UTC 424 WARN  Connection is not connected,give up sending - TcpConnectionImpl.cc:453
20260416 14:57:14.568387 UTC 424 WARN  Connection is not connected,give up sending - TcpConnectionImpl.cc:453
20260416 14:57:14.568388 UTC 424 WARN  Connection is not connected,give up sending - TcpConnectionImpl.cc:453
20260416 14:57:14.568389 UTC 424 WARN  Connection is not connected,give up sending - TcpConnectionImpl.cc:453
20260416 14:57:14.568391 UTC 424 WARN  Connection is not connected,give up sending - TcpConnectionImpl.cc:453
20260416 14:57:14.568392 UTC 424 WARN  Connection is not connected,give up sending - TcpConnectionImpl.cc:453
20260416 14:57:14.568393 UTC 424 WARN  Connection is not connected,give up sending - TcpConnectionImpl.cc:453
20260416 14:57:14.568394 UTC 424 WARN  Connection is not connected,give up sending - TcpConnectionImpl.cc:453
20260416 14:57:14.568395 UTC 424 WARN  Connection is not connected,give up sending - TcpConnectionImpl.cc:453
20260416 14:57:14.568397 UTC 424 WARN  Connection is not connected,give up sending - TcpConnectionImpl.cc:453
20260416 14:57:14.568398 UTC 424 WARN  Connection is not connected,give up sending - TcpConnectionImpl.cc:453
20260416 14:57:14.568399 UTC 424 WARN  Connection is not connected,give up sending - TcpConnectionImpl.cc:453
20260416 14:57:14.568401 UTC 424 WARN  Connection is not connected,give up sending - TcpConnectionImpl.cc:453
20260416 14:57:14.568403 UTC 424 WARN  Connection is not connected,give up sending - TcpConnectionImpl.cc:453
20260416 14:57:14.568404 UTC 424 WARN  Connection is not connected,give up sending - TcpConnectionImpl.cc:453
20260416 14:57:14.568405 UTC 424 WARN  Connection is not connected,give up sending - TcpConnectionImpl.cc:453
20260416 14:57:14.568407 UTC 424 WARN  Connection is not connected,give up sending - TcpConnectionImpl.cc:453
20260416 14:57:14.568408 UTC 424 WARN  Connection is not connected,give up sending - TcpConnectionImpl.cc:453
20260416 14:57:14.568409 UTC 424 WARN  Connection is not connected,give up sending - TcpConnectionImpl.cc:453
20260416 14:57:14.568410 UTC 424 WARN  Connection is not connected,give up sending - TcpConnectionImpl.cc:453
20260416 14:57:14.568412 UTC 424 WARN  Connection is not connected,give up sending - TcpConnectionImpl.cc:453
20260416 14:57:14.568413 UTC 424 WARN  Connection is not connected,give up sending - TcpConnectionImpl.cc:453
20260416 14:57:14.568414 UTC 424 WARN  Connection is not connected,give up sending - TcpConnectionImpl.cc:453
20260416 14:57:14.568415 UTC 424 WARN  Connection is not connected,give up sending - TcpConnectionImpl.cc:453
20260416 14:57:14.568416 UTC 424 WARN  Connection is not connected,give up sending - TcpConnectionImpl.cc:453
20260416 14:57:14.568417 UTC 424 WARN  Connection is not connected,give up sending - TcpConnectionImpl.cc:453
20260416 14:57:14.568418 UTC 424 WARN  Connection is not connected,give up sending - TcpConnectionImpl.cc:453
20260416 14:57:14.568420 UTC 424 WARN  Connection is not connected,give up sending - TcpConnectionImpl.cc:453
20260416 14:57:14.568421 UTC 424 WARN  Connection is not connected,give up sending - TcpConnectionImpl.cc:453
20260416 14:57:14.568425 UTC 424 WARN  Connection is not connected,give up sending - TcpConnectionImpl.cc:453
20260416 14:57:14.568426 UTC 424 WARN  Connection is not connected,give up sending - TcpConnectionImpl.cc:453
20260416 14:57:14.568427 UTC 424 WARN  Connection is not connected,give up sending - TcpConnectionImpl.cc:453
20260416 14:57:14.568429 UTC 424 WARN  Connection is not connected,give up sending - TcpConnectionImpl.cc:453
20260416 14:57:14.568430 UTC 424 WARN  Connection is not connected,give up sending - TcpConnectionImpl.cc:453
20260416 14:57:14.568431 UTC 424 WARN  Connection is not connected,give up sending - TcpConnectionImpl.cc:453
20260416 14:57:14.568432 UTC 424 WARN  Connection is not connected,give up sending - TcpConnectionImpl.cc:453
20260416 14:57:14.568433 UTC 424 WARN  Connection is not connected,give up sending - TcpConnectionImpl.cc:453
20260416 14:57:14.568435 UTC 424 WARN  Connection is not connected,give up sending - TcpConnectionImpl.cc:453
20260416 14:57:14.568436 UTC 424 WARN  Connection is not connected,give up sending - TcpConnectionImpl.cc:453
20260416 14:57:14.568437 UTC 424 WARN  Connection is not connected,give up sending - TcpConnectionImpl.cc:453
20260416 14:57:14.568438 UTC 424 WARN  Connection is not connected,give up sending - TcpConnectionImpl.cc:453
20260416 14:57:14.568439 UTC 424 WARN  Connection is not connected,give up sending - TcpConnectionImpl.cc:453
20260416 14:57:14.568441 UTC 424 WARN  Connection is not connected,give up sending - TcpConnectionImpl.cc:453
20260416 14:57:14.568442 UTC 424 WARN  Connection is not connected,give up sending - TcpConnectionImpl.cc:453
20260416 14:57:14.568443 UTC 424 WARN  Connection is not connected,give up sending - TcpConnectionImpl.cc:453
20260416 14:57:14.568444 UTC 424 WARN  Connection is not connected,give up sending - TcpConnectionImpl.cc:453
20260416 14:57:14.568445 UTC 424 WARN  Connection is not connected,give up sending - TcpConnectionImpl.cc:453
20260416 14:57:14.568446 UTC 424 WARN  Connection is not connected,give up sending - TcpConnectionImpl.cc:453
20260416 14:57:14.568448 UTC 424 WARN  Connection is not connected,give up sending - TcpConnectionImpl.cc:453
20260416 14:57:14.568449 UTC 424 WARN  Connection is not connected,give up sending - TcpConnectionImpl.cc:453
20260416 14:57:14.568450 UTC 424 WARN  Connection is not connected,give up sending - TcpConnectionImpl.cc:453
20260416 14:57:14.568451 UTC 424 WARN  Connection is not connected,give up sending - TcpConnectionImpl.cc:453
20260416 14:57:14.568452 UTC 424 WARN  Connection is not connected,give up sending - TcpConnectionImpl.cc:453
20260416 14:57:14.568453 UTC 424 WARN  Connection is not connected,give up sending - TcpConnectionImpl.cc:453
20260416 14:57:14.568455 UTC 424 WARN  Connection is not connected,give up sending - TcpConnectionImpl.cc:453
20260416 14:57:14.568456 UTC 424 WARN  Connection is not connected,give up sending - TcpConnectionImpl.cc:453
20260416 14:57:14.568457 UTC 424 WARN  Connection is not connected,give up sending - TcpConnectionImpl.cc:453
20260416 14:57:14.568458 UTC 424 WARN  Connection is not connected,give up sending - TcpConnectionImpl.cc:453
20260416 14:57:14.568459 UTC 424 WARN  Connection is not connected,give up sending - TcpConnectionImpl.cc:453
20260416 14:57:14.568460 UTC 424 WARN  Connection is not connected,give up sending - TcpConnectionImpl.cc:453
20260416 14:57:14.568462 UTC 424 WARN  Connection is not connected,give up sending - TcpConnectionImpl.cc:453
20260416 14:57:14.568463 UTC 424 WARN  Connection is not connected,give up sending - TcpConnectionImpl.cc:453
20260416 14:57:14.568464 UTC 424 WARN  Connection is not connected,give up sending - TcpConnectionImpl.cc:453
20260416 14:57:14.568465 UTC 424 WARN  Connection is not connected,give up sending - TcpConnectionImpl.cc:453
20260416 14:57:14.568467 UTC 424 WARN  Connection is not connected,give up sending - TcpConnectionImpl.cc:453
20260416 14:57:14.568468 UTC 424 WARN  Connection is not connected,give up sending - TcpConnectionImpl.cc:453
20260416 14:57:14.568473 UTC 424 WARN  Connection is not connected,give up sending - TcpConnectionImpl.cc:453
20260416 14:57:14.568474 UTC 424 WARN  Connection is not connected,give up sending - TcpConnectionImpl.cc:453
20260416 14:57:14.568475 UTC 424 WARN  Connection is not connected,give up sending - TcpConnectionImpl.cc:453
20260416 14:57:14.568476 UTC 424 WARN  Connection is not connected,give up sending - TcpConnectionImpl.cc:453
20260416 14:57:14.568477 UTC 424 WARN  Connection is not connected,give up sending - TcpConnectionImpl.cc:453
20260416 14:57:14.568479 UTC 424 WARN  Connection is not connected,give up sending - TcpConnectionImpl.cc:453
20260416 14:57:14.568480 UTC 424 WARN  Connection is not connected,give up sending - TcpConnectionImpl.cc:453
20260416 14:57:14.568481 UTC 424 WARN  Connection is not connected,give up sending - TcpConnectionImpl.cc:453
20260416 14:57:14.568482 UTC 424 WARN  Connection is not connected,give up sending - TcpConnectionImpl.cc:453
20260416 14:57:14.568483 UTC 424 WARN  Connection is not connected,give up sending - TcpConnectionImpl.cc:453
20260416 14:57:14.568485 UTC 424 WARN  Connection is not connected,give up sending - TcpConnectionImpl.cc:453
20260416 14:57:14.568486 UTC 424 WARN  Connection is not connected,give up sending - TcpConnectionImpl.cc:453
20260416 14:57:14.568487 UTC 424 WARN  Connection is not connected,give up sending - TcpConnectionImpl.cc:453
20260416 14:57:14.568488 UTC 424 WARN  Connection is not connected,give up sending - TcpConnectionImpl.cc:453
20260416 14:57:14.568489 UTC 424 WARN  Connection is not connected,give up sending - TcpConnectionImpl.cc:453
20260416 14:57:14.568490 UTC 424 WARN  Connection is not connected,give up sending - TcpConnectionImpl.cc:453
20260416 14:57:14.568491 UTC 424 WARN  Connection is not connected,give up sending - TcpConnectionImpl.cc:453
20260416 14:57:14.568492 UTC 424 WARN  Connection is not connected,give up sending - TcpConnectionImpl.cc:453
20260416 14:57:14.568493 UTC 424 WARN  Connection is not connected,give up sending - TcpConnectionImpl.cc:453
20260416 14:57:14.568494 UTC 424 WARN  Connection is not connected,give up sending - TcpConnectionImpl.cc:453
20260416 14:57:14.568495 UTC 424 WARN  Connection is not connected,give up sending - TcpConnectionImpl.cc:453
20260416 14:57:14.568497 UTC 424 WARN  Connection is not connected,give up sending - TcpConnectionImpl.cc:453
20260416 14:57:14.568498 UTC 424 WARN  Connection is not connected,give up sending - TcpConnectionImpl.cc:453
20260416 14:57:14.568499 UTC 424 WARN  Connection is not connected,give up sending - TcpConnectionImpl.cc:453
20260416 14:57:14.568500 UTC 424 WARN  Connection is not connected,give up sending - TcpConnectionImpl.cc:453
20260416 14:57:14.568502 UTC 424 WARN  Connection is not connected,give up sending - TcpConnectionImpl.cc:453
20260416 14:57:14.568503 UTC 424 WARN  Connection is not connected,give up sending - TcpConnectionImpl.cc:453
20260416 14:58:33.346290 UTC 421 INFO  [WS] Client connected: 127.0.0.1:45910  total=1 - websocket_server.hpp:18
20260416 14:58:52.831079 UTC 421 INFO  [WS] Client disconnected. total=0 - websocket_server.hpp:27
